# JRE version: Java(TM) SE Runtime Environment (8.0_191-b12) (build 1.8.0_191-b12)
# Java VM: Java HotSpot(TM) Client VM (25.191-b12 mixed mode windows-x86 )
Heap:
 def new generation   total 39424K, used 33950K [0x05c00000, 0x086c0000, 0x106a0000)
  eden space 35072K,  96% used [0x05c00000, 0x07cf8b70, 0x07e40000)
  from space 4352K,   4% used [0x08280000, 0x082aedc8, 0x086c0000)
  to   space 4352K,   0% used [0x07e40000, 0x07e40000, 0x08280000)
 tenured generation   total 87424K, used 59360K [0x106a0000, 0x15c00000, 0x25c00000)
   the space 87424K,  67% used [0x106a0000, 0x14098008, 0x14098200, 0x15c00000)
 Metaspace       used 20900K, capacity 21502K, committed 21504K, reserved 21888K
GC Heap History (10 events):
Event: 39.806 GC heap before
{Heap before GC invocations=4 (full 1):
 def new generation   total 39424K, used 37571K [0x05c00000, 0x086c0000, 0x106a0000)
  eden space 35072K, 100% used [0x05c00000, 0x07e40000, 0x07e40000)
  from space 4352K,  57% used [0x08280000, 0x084f0ee0, 0x086c0000)
  to   space 4352K,   0% used [0x07e40000, 0x07e40000, 0x08280000)
 tenured generation   total 87424K, used 29274K [0x106a0000, 0x15c00000, 0x25c00000)
   the space 87424K,  33% used [0x106a0000, 0x12336b20, 0x12336c00, 0x15c00000)
 Metaspace       used 18678K, capacity 19212K, committed 19328K, reserved 19840K
Event: 39.857 GC heap after
Heap after GC invocations=5 (full 1):
 def new generation   total 39424K, used 4352K [0x05c00000, 0x086c0000, 0x106a0000)
  eden space 35072K,   0% used [0x05c00000, 0x05c00000, 0x07e40000)
  from space 4352K, 100% used [0x07e40000, 0x08280000, 0x08280000)
  to   space 4352K,   0% used [0x08280000, 0x08280000, 0x086c0000)
 tenured generation   total 87424K, used 34251K [0x106a0000, 0x15c00000, 0x25c00000)
   the space 87424K,  39% used [0x106a0000, 0x12812e08, 0x12813000, 0x15c00000)
 Metaspace       used 18678K, capacity 19212K, committed 19328K, reserved 19840K
}
Event: 102.283 GC heap before
{Heap before GC invocations=5 (full 1):
 def new generation   total 39424K, used 24058K [0x05c00000, 0x086c0000, 0x106a0000)
  eden space 35072K,  56% used [0x05c00000, 0x06f3e868, 0x07e40000)
  from space 4352K, 100% used [0x07e40000, 0x08280000, 0x08280000)
  to   space 4352K,   0% used [0x08280000, 0x08280000, 0x086c0000)
 tenured generation   total 87424K, used 34251K [0x106a0000, 0x15c00000, 0x25c00000)
   the space 87424K,  39% used [0x106a0000, 0x12812e08, 0x12813000, 0x15c00000)
 Metaspace       used 19899K, capacity 20429K, committed 20480K, reserved 20864K
Event: 102.488 GC heap after
Heap after GC invocations=6 (full 2):
 def new generation   total 39424K, used 0K [0x05c00000, 0x086c0000, 0x106a0000)
  eden space 35072K,   0% used [0x05c00000, 0x05c00000, 0x07e40000)
  from space 4352K,   0% used [0x07e40000, 0x07e40000, 0x08280000)
  to   space 4352K,   0% used [0x08280000, 0x08280000, 0x086c0000)
 tenured generation   total 87424K, used 36967K [0x106a0000, 0x15c00000, 0x25c00000)
   the space 87424K,  42% used [0x106a0000, 0x12ab9fc8, 0x12aba000, 0x15c00000)
 Metaspace       used 19899K, capacity 20429K, committed 20480K, reserved 20864K
}
Event: 106.267 GC heap before
{Heap before GC invocations=6 (full 2):
 def new generation   total 39424K, used 35072K [0x05c00000, 0x086c0000, 0x106a0000)
  eden space 35072K, 100% used [0x05c00000, 0x07e40000, 0x07e40000)
  from space 4352K,   0% used [0x07e40000, 0x07e40000, 0x08280000)
  to   space 4352K,   0% used [0x08280000, 0x08280000, 0x086c0000)
 tenured generation   total 87424K, used 36967K [0x106a0000, 0x15c00000, 0x25c00000)
   the space 87424K,  42% used [0x106a0000, 0x12ab9fc8, 0x12aba000, 0x15c00000)
 Metaspace       used 20301K, capacity 20871K, committed 20992K, reserved 21888K
Event: 106.371 GC heap after
Heap after GC invocations=7 (full 2):
 def new generation   total 39424K, used 4352K [0x05c00000, 0x086c0000, 0x106a0000)
  eden space 35072K,   0% used [0x05c00000, 0x05c00000, 0x07e40000)
  from space 4352K, 100% used [0x08280000, 0x086c0000, 0x086c0000)
  to   space 4352K,   0% used [0x07e40000, 0x07e40000, 0x08280000)
 tenured generation   total 87424K, used 52222K [0x106a0000, 0x15c00000, 0x25c00000)
   the space 87424K,  59% used [0x106a0000, 0x1399f878, 0x1399fa00, 0x15c00000)
 Metaspace       used 20301K, capacity 20871K, committed 20992K, reserved 21888K
}
Event: 519.790 GC heap before
{Heap before GC invocations=7 (full 2):
 def new generation   total 39424K, used 39424K [0x05c00000, 0x086c0000, 0x106a0000)
  eden space 35072K, 100% used [0x05c00000, 0x07e40000, 0x07e40000)
  from space 4352K, 100% used [0x08280000, 0x086c0000, 0x086c0000)
  to   space 4352K,   0% used [0x07e40000, 0x07e40000, 0x08280000)
 tenured generation   total 87424K, used 52222K [0x106a0000, 0x15c00000, 0x25c00000)
   the space 87424K,  59% used [0x106a0000, 0x1399f878, 0x1399fa00, 0x15c00000)
 Metaspace       used 20870K, capacity 21467K, committed 21504K, reserved 21888K
Event: 519.838 GC heap after
Heap after GC invocations=8 (full 2):
 def new generation   total 39424K, used 2991K [0x05c00000, 0x086c0000, 0x106a0000)
  eden space 35072K,   0% used [0x05c00000, 0x05c00000, 0x07e40000)
  from space 4352K,  68% used [0x07e40000, 0x0812bdd8, 0x08280000)
  to   space 4352K,   0% used [0x08280000, 0x08280000, 0x086c0000)
 tenured generation   total 87424K, used 56563K [0x106a0000, 0x15c00000, 0x25c00000)
   the space 87424K,  64% used [0x106a0000, 0x13ddcdf0, 0x13ddce00, 0x15c00000)
 Metaspace       used 20870K, capacity 21467K, committed 21504K, reserved 21888K
}
Event: 1567.105 GC heap before
{Heap before GC invocations=8 (full 2):
 def new generation   total 39424K, used 38063K [0x05c00000, 0x086c0000, 0x106a0000)
  eden space 35072K, 100% used [0x05c00000, 0x07e40000, 0x07e40000)
  from space 4352K,  68% used [0x07e40000, 0x0812bdd8, 0x08280000)
  to   space 4352K,   0% used [0x08280000, 0x08280000, 0x086c0000)
 tenured generation   total 87424K, used 56563K [0x106a0000, 0x15c00000, 0x25c00000)
   the space 87424K,  64% used [0x106a0000, 0x13ddcdf0, 0x13ddce00, 0x15c00000)
 Metaspace       used 20900K, capacity 21502K, committed 21504K, reserved 21888K
Event: 1567.310 GC heap after
Heap after GC invocations=9 (full 2):
 def new generation   total 39424K, used 187K [0x05c00000, 0x086c0000, 0x106a0000)
  eden space 35072K,   0% used [0x05c00000, 0x05c00000, 0x07e40000)
  from space 4352K,   4% used [0x08280000, 0x082aedc8, 0x086c0000)
  to   space 4352K,   0% used [0x07e40000, 0x07e40000, 0x08280000)
 tenured generation   total 87424K, used 59360K [0x106a0000, 0x15c00000, 0x25c00000)
   the space 87424K,  67% used [0x106a0000, 0x14098008, 0x14098200, 0x15c00000)
 Metaspace       used 20900K, capacity 21502K, committed 21504K, reserved 21888K
}

